<?xml version="1.0" encoding="UTF-8"?>
<testng-results ignored="0" total="1" passed="1" failed="0" skipped="0">
  <reporter-output>
  </reporter-output>
  <suite started-at="2025-08-05T19:27:10 IST" name="Suite" finished-at="2025-08-05T19:27:19 IST" duration-ms="9545">
    <groups>
    </groups>
    <test started-at="2025-08-05T19:27:10 IST" name="Test" finished-at="2025-08-05T19:27:19 IST" duration-ms="9545">
      <class name="com.saucedemo.tests.TestCart">
        <test-method is-config="true" signature="setUpExtent()[pri:0, instance:com.saucedemo.tests.TestCart@1de5f259]" started-at="2025-08-05T19:27:10 IST" name="setUpExtent" finished-at="2025-08-05T19:27:10 IST" duration-ms="275" status="PASS">
          <reporter-output>
          </reporter-output>
        </test-method> <!-- setUpExtent -->
        <test-method is-config="true" signature="setup()[pri:0, instance:com.saucedemo.tests.TestCart@1de5f259]" started-at="2025-08-05T19:27:10 IST" name="setup" finished-at="2025-08-05T19:27:17 IST" duration-ms="7016" status="PASS">
          <reporter-output>
          </reporter-output>
        </test-method> <!-- setup -->
        <test-method signature="addToCartTest()[pri:0, instance:com.saucedemo.tests.TestCart@1de5f259]" started-at="2025-08-05T19:27:17 IST" name="addToCartTest" finished-at="2025-08-05T19:27:18 IST" duration-ms="958" status="PASS">
          <reporter-output>
          </reporter-output>
        </test-method> <!-- addToCartTest -->
        <test-method is-config="true" signature="teardown()[pri:0, instance:com.saucedemo.tests.TestCart@1de5f259]" started-at="2025-08-05T19:27:18 IST" name="teardown" finished-at="2025-08-05T19:27:19 IST" duration-ms="1521" status="PASS">
          <reporter-output>
          </reporter-output>
        </test-method> <!-- teardown -->
        <test-method is-config="true" signature="tearDownExtent()[pri:0, instance:com.saucedemo.tests.TestCart@1de5f259]" started-at="2025-08-05T19:27:19 IST" name="tearDownExtent" finished-at="2025-08-05T19:27:20 IST" duration-ms="281" status="PASS">
          <reporter-output>
          </reporter-output>
        </test-method> <!-- tearDownExtent -->
      </class> <!-- com.saucedemo.tests.TestCart -->
    </test> <!-- Test -->
  </suite> <!-- Suite -->
</testng-results>
